25.1.2017. 13:58:11	This log contains information about the import schema operation into project 'BugTracking.Database' on computer 'HRLE47FB21B4A70' by user 'z003s12y'.
25.1.2017. 13:58:11	Import of database schema has started.
25.1.2017. 13:58:18	Gathering database options
25.1.2017. 13:58:18	Gathering users
25.1.2017. 13:58:18	Gathering roles
25.1.2017. 13:58:18	Gathering application roles
25.1.2017. 13:58:18	Gathering role memberships
25.1.2017. 13:58:18	Gathering filegroups
25.1.2017. 13:58:18	Gathering full-text catalogs
25.1.2017. 13:58:18	Gathering assemblies
25.1.2017. 13:58:18	Gathering certificates
25.1.2017. 13:58:18	Gathering asymmetric keys
25.1.2017. 13:58:18	Gathering symmetric keys
25.1.2017. 13:58:18	Gathering encrypted symmetric keys
25.1.2017. 13:58:18	Gathering schemas
25.1.2017. 13:58:18	Gathering XML schema collections
25.1.2017. 13:58:18	Gathering user-defined data types
25.1.2017. 13:58:18	Gathering user-defined types
25.1.2017. 13:58:18	Gathering table types
25.1.2017. 13:58:18	Gathering unique keys for table types
25.1.2017. 13:58:18	Gathering primary keys for table types
25.1.2017. 13:58:18	Gathering indexes for table types
25.1.2017. 13:58:18	Gathering check constraints for table types
25.1.2017. 13:58:18	Gathering default constraints for table types
25.1.2017. 13:58:18	Gathering partition functions
25.1.2017. 13:58:18	Gathering partition schemes
25.1.2017. 13:58:18	Gathering functions
25.1.2017. 13:58:18	Gathering encrypted functions
25.1.2017. 13:58:18	Gathering aggregates
25.1.2017. 13:58:18	Gathering procedures
25.1.2017. 13:58:18	Gathering encrypted procedures
25.1.2017. 13:58:18	Gathering tables
25.1.2017. 13:58:18	Gathering primary keys
25.1.2017. 13:58:18	Gathering unique constraints
25.1.2017. 13:58:18	Gathering foreign keys
25.1.2017. 13:58:18	Gathering default constraints
25.1.2017. 13:58:18	Gathering check constraints
25.1.2017. 13:58:18	Gathering views
25.1.2017. 13:58:18	Gathering encrypted views
25.1.2017. 13:58:18	Gathering indexes
25.1.2017. 13:58:18	Gathering statistics
25.1.2017. 13:58:18	Gathering full-text index stoplists
25.1.2017. 13:58:18	Gathering search property lists
25.1.2017. 13:58:18	Gathering search properties
25.1.2017. 13:58:18	Gathering full-text indexes
25.1.2017. 13:58:18	Gathering column store indexes
25.1.2017. 13:58:18	Gathering spatial indexes
25.1.2017. 13:58:18	Gathering XML indexes
25.1.2017. 13:58:18	Gathering Selective XML indexes
25.1.2017. 13:58:18	Gathering encrypted triggers
25.1.2017. 13:58:18	Gathering triggers
25.1.2017. 13:58:18	Gathering encrypted and clr ddl triggers
25.1.2017. 13:58:18	Gathering ddl triggers
25.1.2017. 13:58:18	Gathering synonyms
25.1.2017. 13:58:18	Gathering defaults
25.1.2017. 13:58:18	Gathering data constraint uddt bindings
25.1.2017. 13:58:18	Gathering rules
25.1.2017. 13:58:18	Gathering data constraint uddt bindings
25.1.2017. 13:58:18	Gathering message types
25.1.2017. 13:58:18	Gathering queues
25.1.2017. 13:58:18	Gathering contracts
25.1.2017. 13:58:18	Gathering services
25.1.2017. 13:58:18	Gathering event notifications
25.1.2017. 13:58:18	Gathering remote service bindings
25.1.2017. 13:58:18	Gathering broker priorities
25.1.2017. 13:58:18	Gathering signatures
25.1.2017. 13:58:18	Gathering data compression options
25.1.2017. 13:58:18	Gathering sequence types
25.1.2017. 13:58:18	Gathering extended properties
25.1.2017. 13:58:19	Gathering credentials
25.1.2017. 13:58:19	Gathering logins
25.1.2017. 13:58:19	Gathering server audits
25.1.2017. 13:58:20	Scanning project for duplicate elements
25.1.2017. 13:58:20	Finished duplicate element processing
25.1.2017. 13:58:20	Finished importing database.
25.1.2017. 13:58:20	A summary of the import was saved to the following location: c:\users\z003s12y\documents\visual studio 2015\Projects\BugTracking\BugTracking.Databse\Import Schema Logs\BugTracking.Database_20170125125811.log
25.1.2017. 13:58:20	Click Finish to continue...
