25.1.2017. 14:11:04	This log contains information about the import schema operation into project 'BugTracking.Database' on computer 'HRLE47FB21B4A70' by user 'z003s12y'.
25.1.2017. 14:11:04	Import of database schema has started.
25.1.2017. 14:11:12	Gathering database options
25.1.2017. 14:11:12	Gathering users
25.1.2017. 14:11:12	Gathering roles
25.1.2017. 14:11:12	Gathering application roles
25.1.2017. 14:11:12	Gathering role memberships
25.1.2017. 14:11:12	Gathering filegroups
25.1.2017. 14:11:12	Gathering full-text catalogs
25.1.2017. 14:11:12	Gathering assemblies
25.1.2017. 14:11:12	Gathering certificates
25.1.2017. 14:11:12	Gathering asymmetric keys
25.1.2017. 14:11:12	Gathering symmetric keys
25.1.2017. 14:11:12	Gathering encrypted symmetric keys
25.1.2017. 14:11:12	Gathering schemas
25.1.2017. 14:11:12	Gathering XML schema collections
25.1.2017. 14:11:12	Gathering user-defined data types
25.1.2017. 14:11:12	Gathering user-defined types
25.1.2017. 14:11:12	Gathering table types
25.1.2017. 14:11:12	Gathering unique keys for table types
25.1.2017. 14:11:12	Gathering primary keys for table types
25.1.2017. 14:11:12	Gathering indexes for table types
25.1.2017. 14:11:12	Gathering check constraints for table types
25.1.2017. 14:11:12	Gathering default constraints for table types
25.1.2017. 14:11:12	Gathering partition functions
25.1.2017. 14:11:12	Gathering partition schemes
25.1.2017. 14:11:12	Gathering functions
25.1.2017. 14:11:12	Gathering encrypted functions
25.1.2017. 14:11:12	Gathering aggregates
25.1.2017. 14:11:12	Gathering procedures
25.1.2017. 14:11:12	Gathering encrypted procedures
25.1.2017. 14:11:12	Gathering tables
25.1.2017. 14:11:13	Gathering primary keys
25.1.2017. 14:11:13	Gathering unique constraints
25.1.2017. 14:11:13	Gathering foreign keys
25.1.2017. 14:11:13	Gathering default constraints
25.1.2017. 14:11:13	Gathering check constraints
25.1.2017. 14:11:13	Gathering views
25.1.2017. 14:11:13	Gathering encrypted views
25.1.2017. 14:11:13	Gathering indexes
25.1.2017. 14:11:13	Gathering statistics
25.1.2017. 14:11:13	Gathering full-text index stoplists
25.1.2017. 14:11:13	Gathering search property lists
25.1.2017. 14:11:13	Gathering search properties
25.1.2017. 14:11:13	Gathering full-text indexes
25.1.2017. 14:11:13	Gathering column store indexes
25.1.2017. 14:11:13	Gathering spatial indexes
25.1.2017. 14:11:13	Gathering XML indexes
25.1.2017. 14:11:13	Gathering Selective XML indexes
25.1.2017. 14:11:13	Gathering encrypted triggers
25.1.2017. 14:11:13	Gathering triggers
25.1.2017. 14:11:13	Gathering encrypted and clr ddl triggers
25.1.2017. 14:11:13	Gathering ddl triggers
25.1.2017. 14:11:13	Gathering synonyms
25.1.2017. 14:11:13	Gathering defaults
25.1.2017. 14:11:13	Gathering data constraint uddt bindings
25.1.2017. 14:11:13	Gathering rules
25.1.2017. 14:11:13	Gathering data constraint uddt bindings
25.1.2017. 14:11:13	Gathering message types
25.1.2017. 14:11:13	Gathering queues
25.1.2017. 14:11:13	Gathering contracts
25.1.2017. 14:11:13	Gathering services
25.1.2017. 14:11:13	Gathering event notifications
25.1.2017. 14:11:13	Gathering remote service bindings
25.1.2017. 14:11:13	Gathering broker priorities
25.1.2017. 14:11:13	Gathering signatures
25.1.2017. 14:11:13	Gathering data compression options
25.1.2017. 14:11:13	Gathering sequence types
25.1.2017. 14:11:13	Gathering database permissions
25.1.2017. 14:11:13	Gathering extended properties
25.1.2017. 14:11:13	Gathering credentials
25.1.2017. 14:11:13	Gathering logins
25.1.2017. 14:11:13	Gathering server audits
25.1.2017. 14:11:14	Scanning project for duplicate elements
25.1.2017. 14:11:14	Finished duplicate element processing
25.1.2017. 14:11:15	Finished importing database.
25.1.2017. 14:11:15	A summary of the import was saved to the following location: C:\Users\z003s12y\Documents\Visual Studio 2015\Projects\BugTracking\BugTracking.Database\Import Schema Logs\BugTracking.Database_20170125011104.log
25.1.2017. 14:11:15	Click Finish to continue...
